<?xml version="1.0" encoding="UTF-8"?>
<testng-results ignored="0" total="1" passed="1" failed="0" skipped="0">
  <reporter-output>
    <line>
      <![CDATA[Facebook – log in or sign up]]>
    </line>
    <line>
      <![CDATA[https://www.facebook.com/login/?privacy_mutation_token=eyJ0eXBlIjowLCJjcmVhdGlvbl90aW1lIjoxNjQ0MjkyODc0LCJjYWxsc2l0ZV9pZCI6MzgxMjI5MDc5NTc1OTQ2fQ%3D%3D]]>
    </line>
  </reporter-output>
  <suite started-at="2022-02-08T09:31:08 IST" name="Failed suite [Suite]" finished-at="2022-02-08T09:31:26 IST" duration-ms="17544">
    <groups>
    </groups>
    <test started-at="2022-02-08T09:31:08 IST" name="Test(failed)" finished-at="2022-02-08T09:31:26 IST" duration-ms="17544">
      <class name="testng.Testcase1">
        <test-method is-config="true" signature="openApp()[pri:0, instance:testng.Testcase1@45ca843]" started-at="2022-02-08T09:31:08 IST" name="openApp" finished-at="2022-02-08T09:31:17 IST" duration-ms="8934" status="PASS">
          <reporter-output>
          </reporter-output>
        </test-method> <!-- openApp -->
        <test-method signature="tc1()[pri:0, instance:testng.Testcase1@45ca843]" started-at="2022-02-08T09:31:17 IST" name="tc1" finished-at="2022-02-08T09:31:25 IST" duration-ms="7848" status="PASS">
          <reporter-output>
            <line>
              <![CDATA[Facebook – log in or sign up]]>
            </line>
            <line>
              <![CDATA[https://www.facebook.com/login/?privacy_mutation_token=eyJ0eXBlIjowLCJjcmVhdGlvbl90aW1lIjoxNjQ0MjkyODc0LCJjYWxsc2l0ZV9pZCI6MzgxMjI5MDc5NTc1OTQ2fQ%3D%3D]]>
            </line>
          </reporter-output>
        </test-method> <!-- tc1 -->
        <test-method is-config="true" signature="closeApp()[pri:0, instance:testng.Testcase1@45ca843]" started-at="2022-02-08T09:31:25 IST" name="closeApp" finished-at="2022-02-08T09:31:26 IST" duration-ms="678" status="PASS">
          <reporter-output>
          </reporter-output>
        </test-method> <!-- closeApp -->
      </class> <!-- testng.Testcase1 -->
    </test> <!-- Test(failed) -->
  </suite> <!-- Failed suite [Suite] -->
</testng-results>
